<?xml version="1.0" encoding="UTF-8"?>
<testsuite xmlns:xsi="http://www.w3.org/2001/XMLSchema-instance" xsi:noNamespaceSchemaLocation="https://maven.apache.org/surefire/maven-surefire-plugin/xsd/surefire-test-report.xsd" name="AuthTest" time="27.842" tests="2" errors="0" skipped="0" failures="1">
  <properties>
    <property name="java.specification.version" value="14"/>
    <property name="sun.cpu.isalist" value="amd64"/>
    <property name="sun.jnu.encoding" value="Cp1251"/>
    <property name="java.class.path" value="C:\Users\Dimon\IdeaProjects\AutomationTests\target\test-classes;C:\Users\Dimon\IdeaProjects\AutomationTests\target\classes;C:\Users\Dimon\.m2\repository\com\jayway\restassured\rest-assured\2.9.0\rest-assured-2.9.0.jar;C:\Users\Dimon\.m2\repository\org\codehaus\groovy\groovy\2.4.4\groovy-2.4.4.jar;C:\Users\Dimon\.m2\repository\org\codehaus\groovy\groovy-xml\2.4.4\groovy-xml-2.4.4.jar;C:\Users\Dimon\.m2\repository\org\apache\httpcomponents\httpclient\4.5.1\httpclient-4.5.1.jar;C:\Users\Dimon\.m2\repository\org\apache\httpcomponents\httpcore\4.4.3\httpcore-4.4.3.jar;C:\Users\Dimon\.m2\repository\commons-logging\commons-logging\1.2\commons-logging-1.2.jar;C:\Users\Dimon\.m2\repository\commons-codec\commons-codec\1.9\commons-codec-1.9.jar;C:\Users\Dimon\.m2\repository\org\apache\httpcomponents\httpmime\4.5.1\httpmime-4.5.1.jar;C:\Users\Dimon\.m2\repository\org\hamcrest\hamcrest-core\1.3\hamcrest-core-1.3.jar;C:\Users\Dimon\.m2\repository\org\hamcrest\hamcrest-library\1.3\hamcrest-library-1.3.jar;C:\Users\Dimon\.m2\repository\org\ccil\cowan\tagsoup\tagsoup\1.2.1\tagsoup-1.2.1.jar;C:\Users\Dimon\.m2\repository\com\jayway\restassured\json-path\2.9.0\json-path-2.9.0.jar;C:\Users\Dimon\.m2\repository\org\codehaus\groovy\groovy-json\2.4.4\groovy-json-2.4.4.jar;C:\Users\Dimon\.m2\repository\com\jayway\restassured\rest-assured-common\2.9.0\rest-assured-common-2.9.0.jar;C:\Users\Dimon\.m2\repository\com\jayway\restassured\xml-path\2.9.0\xml-path-2.9.0.jar;C:\Users\Dimon\.m2\repository\junit\junit\4.12\junit-4.12.jar;C:\Users\Dimon\.m2\repository\org\assertj\assertj-core\3.8.0\assertj-core-3.8.0.jar;C:\Users\Dimon\.m2\repository\org\seleniumhq\selenium\selenium-java\3.141.59\selenium-java-3.141.59.jar;C:\Users\Dimon\.m2\repository\org\seleniumhq\selenium\selenium-api\3.141.59\selenium-api-3.141.59.jar;C:\Users\Dimon\.m2\repository\org\seleniumhq\selenium\selenium-chrome-driver\3.141.59\selenium-chrome-driver-3.141.59.jar;C:\Users\Dimon\.m2\repository\org\seleniumhq\selenium\selenium-edge-driver\3.141.59\selenium-edge-driver-3.141.59.jar;C:\Users\Dimon\.m2\repository\org\seleniumhq\selenium\selenium-firefox-driver\3.141.59\selenium-firefox-driver-3.141.59.jar;C:\Users\Dimon\.m2\repository\org\seleniumhq\selenium\selenium-ie-driver\3.141.59\selenium-ie-driver-3.141.59.jar;C:\Users\Dimon\.m2\repository\org\seleniumhq\selenium\selenium-opera-driver\3.141.59\selenium-opera-driver-3.141.59.jar;C:\Users\Dimon\.m2\repository\org\seleniumhq\selenium\selenium-remote-driver\3.141.59\selenium-remote-driver-3.141.59.jar;C:\Users\Dimon\.m2\repository\org\seleniumhq\selenium\selenium-safari-driver\3.141.59\selenium-safari-driver-3.141.59.jar;C:\Users\Dimon\.m2\repository\org\seleniumhq\selenium\selenium-support\3.141.59\selenium-support-3.141.59.jar;C:\Users\Dimon\.m2\repository\net\bytebuddy\byte-buddy\1.8.15\byte-buddy-1.8.15.jar;C:\Users\Dimon\.m2\repository\org\apache\commons\commons-exec\1.3\commons-exec-1.3.jar;C:\Users\Dimon\.m2\repository\com\google\guava\guava\25.0-jre\guava-25.0-jre.jar;C:\Users\Dimon\.m2\repository\com\google\code\findbugs\jsr305\1.3.9\jsr305-1.3.9.jar;C:\Users\Dimon\.m2\repository\org\checkerframework\checker-compat-qual\2.0.0\checker-compat-qual-2.0.0.jar;C:\Users\Dimon\.m2\repository\com\google\errorprone\error_prone_annotations\2.1.3\error_prone_annotations-2.1.3.jar;C:\Users\Dimon\.m2\repository\com\google\j2objc\j2objc-annotations\1.1\j2objc-annotations-1.1.jar;C:\Users\Dimon\.m2\repository\org\codehaus\mojo\animal-sniffer-annotations\1.14\animal-sniffer-annotations-1.14.jar;C:\Users\Dimon\.m2\repository\com\squareup\okhttp3\okhttp\3.11.0\okhttp-3.11.0.jar;C:\Users\Dimon\.m2\repository\com\squareup\okio\okio\1.14.0\okio-1.14.0.jar;C:\Users\Dimon\.m2\repository\io\github\bonigarcia\webdrivermanager\4.0.0\webdrivermanager-4.0.0.jar;C:\Users\Dimon\.m2\repository\org\slf4j\slf4j-api\1.7.30\slf4j-api-1.7.30.jar;C:\Users\Dimon\.m2\repository\commons-io\commons-io\2.6\commons-io-2.6.jar;C:\Users\Dimon\.m2\repository\com\google\code\gson\gson\2.8.6\gson-2.8.6.jar;C:\Users\Dimon\.m2\repository\org\apache\commons\commons-lang3\3.10\commons-lang3-3.10.jar;C:\Users\Dimon\.m2\repository\org\apache\httpcomponents\client5\httpclient5\5.0\httpclient5-5.0.jar;C:\Users\Dimon\.m2\repository\org\apache\httpcomponents\core5\httpcore5\5.0\httpcore5-5.0.jar;C:\Users\Dimon\.m2\repository\org\apache\httpcomponents\core5\httpcore5-h2\5.0\httpcore5-h2-5.0.jar;C:\Users\Dimon\.m2\repository\org\rauschig\jarchivelib\1.0.0\jarchivelib-1.0.0.jar;C:\Users\Dimon\.m2\repository\org\apache\commons\commons-compress\1.18\commons-compress-1.18.jar;C:\Users\Dimon\.m2\repository\org\jsoup\jsoup\1.13.1\jsoup-1.13.1.jar;"/>
    <property name="java.vm.vendor" value="Oracle Corporation"/>
    <property name="sun.arch.data.model" value="64"/>
    <property name="user.variant" value=""/>
    <property name="java.vendor.url" value="https://java.oracle.com/"/>
    <property name="user.timezone" value="Europe/Kiev"/>
    <property name="os.name" value="Windows 10"/>
    <property name="java.vm.specification.version" value="14"/>
    <property name="sun.java.launcher" value="SUN_STANDARD"/>
    <property name="user.country" value="RU"/>
    <property name="sun.boot.library.path" value="C:\Program Files\Java\jdk-14.0.1\bin"/>
    <property name="sun.java.command" value="C:\Users\Dimon\AppData\Local\Temp\surefire12507539768656967819\surefirebooter7270893813346708890.jar C:\Users\Dimon\AppData\Local\Temp\surefire12507539768656967819 2020-05-30T05-09-38_703-jvmRun1 surefire1205115768422531497tmp surefire_012758045077823858327tmp"/>
    <property name="jdk.debug" value="release"/>
    <property name="surefire.test.class.path" value="C:\Users\Dimon\IdeaProjects\AutomationTests\target\test-classes;C:\Users\Dimon\IdeaProjects\AutomationTests\target\classes;C:\Users\Dimon\.m2\repository\com\jayway\restassured\rest-assured\2.9.0\rest-assured-2.9.0.jar;C:\Users\Dimon\.m2\repository\org\codehaus\groovy\groovy\2.4.4\groovy-2.4.4.jar;C:\Users\Dimon\.m2\repository\org\codehaus\groovy\groovy-xml\2.4.4\groovy-xml-2.4.4.jar;C:\Users\Dimon\.m2\repository\org\apache\httpcomponents\httpclient\4.5.1\httpclient-4.5.1.jar;C:\Users\Dimon\.m2\repository\org\apache\httpcomponents\httpcore\4.4.3\httpcore-4.4.3.jar;C:\Users\Dimon\.m2\repository\commons-logging\commons-logging\1.2\commons-logging-1.2.jar;C:\Users\Dimon\.m2\repository\commons-codec\commons-codec\1.9\commons-codec-1.9.jar;C:\Users\Dimon\.m2\repository\org\apache\httpcomponents\httpmime\4.5.1\httpmime-4.5.1.jar;C:\Users\Dimon\.m2\repository\org\hamcrest\hamcrest-core\1.3\hamcrest-core-1.3.jar;C:\Users\Dimon\.m2\repository\org\hamcrest\hamcrest-library\1.3\hamcrest-library-1.3.jar;C:\Users\Dimon\.m2\repository\org\ccil\cowan\tagsoup\tagsoup\1.2.1\tagsoup-1.2.1.jar;C:\Users\Dimon\.m2\repository\com\jayway\restassured\json-path\2.9.0\json-path-2.9.0.jar;C:\Users\Dimon\.m2\repository\org\codehaus\groovy\groovy-json\2.4.4\groovy-json-2.4.4.jar;C:\Users\Dimon\.m2\repository\com\jayway\restassured\rest-assured-common\2.9.0\rest-assured-common-2.9.0.jar;C:\Users\Dimon\.m2\repository\com\jayway\restassured\xml-path\2.9.0\xml-path-2.9.0.jar;C:\Users\Dimon\.m2\repository\junit\junit\4.12\junit-4.12.jar;C:\Users\Dimon\.m2\repository\org\assertj\assertj-core\3.8.0\assertj-core-3.8.0.jar;C:\Users\Dimon\.m2\repository\org\seleniumhq\selenium\selenium-java\3.141.59\selenium-java-3.141.59.jar;C:\Users\Dimon\.m2\repository\org\seleniumhq\selenium\selenium-api\3.141.59\selenium-api-3.141.59.jar;C:\Users\Dimon\.m2\repository\org\seleniumhq\selenium\selenium-chrome-driver\3.141.59\selenium-chrome-driver-3.141.59.jar;C:\Users\Dimon\.m2\repository\org\seleniumhq\selenium\selenium-edge-driver\3.141.59\selenium-edge-driver-3.141.59.jar;C:\Users\Dimon\.m2\repository\org\seleniumhq\selenium\selenium-firefox-driver\3.141.59\selenium-firefox-driver-3.141.59.jar;C:\Users\Dimon\.m2\repository\org\seleniumhq\selenium\selenium-ie-driver\3.141.59\selenium-ie-driver-3.141.59.jar;C:\Users\Dimon\.m2\repository\org\seleniumhq\selenium\selenium-opera-driver\3.141.59\selenium-opera-driver-3.141.59.jar;C:\Users\Dimon\.m2\repository\org\seleniumhq\selenium\selenium-remote-driver\3.141.59\selenium-remote-driver-3.141.59.jar;C:\Users\Dimon\.m2\repository\org\seleniumhq\selenium\selenium-safari-driver\3.141.59\selenium-safari-driver-3.141.59.jar;C:\Users\Dimon\.m2\repository\org\seleniumhq\selenium\selenium-support\3.141.59\selenium-support-3.141.59.jar;C:\Users\Dimon\.m2\repository\net\bytebuddy\byte-buddy\1.8.15\byte-buddy-1.8.15.jar;C:\Users\Dimon\.m2\repository\org\apache\commons\commons-exec\1.3\commons-exec-1.3.jar;C:\Users\Dimon\.m2\repository\com\google\guava\guava\25.0-jre\guava-25.0-jre.jar;C:\Users\Dimon\.m2\repository\com\google\code\findbugs\jsr305\1.3.9\jsr305-1.3.9.jar;C:\Users\Dimon\.m2\repository\org\checkerframework\checker-compat-qual\2.0.0\checker-compat-qual-2.0.0.jar;C:\Users\Dimon\.m2\repository\com\google\errorprone\error_prone_annotations\2.1.3\error_prone_annotations-2.1.3.jar;C:\Users\Dimon\.m2\repository\com\google\j2objc\j2objc-annotations\1.1\j2objc-annotations-1.1.jar;C:\Users\Dimon\.m2\repository\org\codehaus\mojo\animal-sniffer-annotations\1.14\animal-sniffer-annotations-1.14.jar;C:\Users\Dimon\.m2\repository\com\squareup\okhttp3\okhttp\3.11.0\okhttp-3.11.0.jar;C:\Users\Dimon\.m2\repository\com\squareup\okio\okio\1.14.0\okio-1.14.0.jar;C:\Users\Dimon\.m2\repository\io\github\bonigarcia\webdrivermanager\4.0.0\webdrivermanager-4.0.0.jar;C:\Users\Dimon\.m2\repository\org\slf4j\slf4j-api\1.7.30\slf4j-api-1.7.30.jar;C:\Users\Dimon\.m2\repository\commons-io\commons-io\2.6\commons-io-2.6.jar;C:\Users\Dimon\.m2\repository\com\google\code\gson\gson\2.8.6\gson-2.8.6.jar;C:\Users\Dimon\.m2\repository\org\apache\commons\commons-lang3\3.10\commons-lang3-3.10.jar;C:\Users\Dimon\.m2\repository\org\apache\httpcomponents\client5\httpclient5\5.0\httpclient5-5.0.jar;C:\Users\Dimon\.m2\repository\org\apache\httpcomponents\core5\httpcore5\5.0\httpcore5-5.0.jar;C:\Users\Dimon\.m2\repository\org\apache\httpcomponents\core5\httpcore5-h2\5.0\httpcore5-h2-5.0.jar;C:\Users\Dimon\.m2\repository\org\rauschig\jarchivelib\1.0.0\jarchivelib-1.0.0.jar;C:\Users\Dimon\.m2\repository\org\apache\commons\commons-compress\1.18\commons-compress-1.18.jar;C:\Users\Dimon\.m2\repository\org\jsoup\jsoup\1.13.1\jsoup-1.13.1.jar;"/>
    <property name="sun.cpu.endian" value="little"/>
    <property name="user.home" value="C:\Users\Dimon"/>
    <property name="user.language" value="ru"/>
    <property name="java.specification.vendor" value="Oracle Corporation"/>
    <property name="java.version.date" value="2020-04-14"/>
    <property name="java.home" value="C:\Program Files\Java\jdk-14.0.1"/>
    <property name="file.separator" value="\"/>
    <property name="basedir" value="C:\Users\Dimon\IdeaProjects\AutomationTests"/>
    <property name="java.vm.compressedOopsMode" value="Zero based"/>
    <property name="line.separator" value="&#10;"/>
    <property name="java.vm.specification.vendor" value="Oracle Corporation"/>
    <property name="java.specification.name" value="Java Platform API Specification"/>
    <property name="surefire.real.class.path" value="C:\Users\Dimon\AppData\Local\Temp\surefire12507539768656967819\surefirebooter7270893813346708890.jar"/>
    <property name="user.script" value=""/>
    <property name="sun.management.compiler" value="HotSpot 64-Bit Tiered Compilers"/>
    <property name="java.runtime.version" value="14.0.1+7"/>
    <property name="user.name" value="Dimon"/>
    <property name="path.separator" value=";"/>
    <property name="os.version" value="10.0"/>
    <property name="java.runtime.name" value="Java(TM) SE Runtime Environment"/>
    <property name="file.encoding" value="Cp1251"/>
    <property name="java.vm.name" value="Java HotSpot(TM) 64-Bit Server VM"/>
    <property name="localRepository" value="C:\Users\Dimon\.m2\repository"/>
    <property name="java.vendor.url.bug" value="https://bugreport.java.com/bugreport/"/>
    <property name="java.io.tmpdir" value="C:\Users\Dimon\AppData\Local\Temp\"/>
    <property name="java.version" value="14.0.1"/>
    <property name="user.dir" value="C:\Users\Dimon\IdeaProjects\AutomationTests"/>
    <property name="os.arch" value="amd64"/>
    <property name="java.vm.specification.name" value="Java Virtual Machine Specification"/>
    <property name="sun.os.patch.level" value=""/>
    <property name="java.library.path" value="C:\Program Files\Java\jdk-14.0.1\bin;C:\WINDOWS\Sun\Java\bin;C:\WINDOWS\system32;C:\WINDOWS;C:\WINDOWS\system32;C:\WINDOWS;C:\WINDOWS\System32\Wbem;C:\WINDOWS\System32\WindowsPowerShell\v1.0\;C:\WINDOWS\System32\OpenSSH\;C:\Program Files\nodejs\;C:\Program Files\Git\cmd;C:\Program Files\Java\jdk-14.0.1\\bin;C:\apache-maven-3.6.3\\bin;C:\Users\Dimon\AppData\Local\Microsoft\WindowsApps;C:\Users\Dimon\AppData\Roaming\npm;C:\Users\Dimon\AppData\Local\Programs\Fiddler;."/>
    <property name="java.vm.info" value="mixed mode, sharing"/>
    <property name="java.vendor" value="Oracle Corporation"/>
    <property name="java.vm.version" value="14.0.1+7"/>
    <property name="sun.io.unicode.encoding" value="UnicodeLittle"/>
    <property name="java.class.version" value="58.0"/>
  </properties>
  <testcase name="sucessfullAuth" classname="AuthTest" time="16.271"/>
  <testcase name="authWindow" classname="AuthTest" time="11.318">
    <failure message="expected:&lt;Я [уже зарегистрирован]&gt; but was:&lt;Я [новый пользователь]&gt;" type="org.junit.ComparisonFailure"><![CDATA[org.junit.ComparisonFailure: expected:<Я [уже зарегистрирован]> but was:<Я [новый пользователь]>
	at AuthTest.authWindow(AuthTest.java:29)
]]></failure>
    <system-err><![CDATA[Starting ChromeDriver 83.0.4103.39 (ccbf011cb2d2b19b506d844400483861342c20cd-refs/branch-heads/4103@{#416}) on port 21540
Only local connections are allowed.
Please see https://chromedriver.chromium.org/security-considerations for suggestions on keeping ChromeDriver safe.
ChromeDriver was started successfully.
мая 30, 2020 5:10:02 AM org.openqa.selenium.remote.ProtocolHandshake createSession
INFO: Detected dialect: W3C
]]></system-err>
  </testcase>
</testsuite>